<?xml version="1.0" encoding="utf-8"?><testsuites><testsuite name="pytest" errors="0" failures="0" skipped="0" tests="26" time="339.645" timestamp="2025-06-30T23:47:12.928608" hostname="Shauni"><testcase classname="tests.test_authentication.TestAuthentication" name="test_login_with_valid_credentials" time="13.629" /><testcase classname="tests.test_authentication.TestAuthentication" name="test_login_with_invalid_credentials" time="12.423" /><testcase classname="tests.test_authentication.TestAuthentication" name="test_login_form_validation" time="9.474" /><testcase classname="tests.test_authentication.TestAuthentication" name="test_navigation_to_register_from_login" time="11.223" /><testcase classname="tests.test_authentication.TestAuthentication" name="test_logout_functionality" time="12.556" /><testcase classname="tests.test_authentication.TestAuthentication" name="test_register_form_navigation" time="9.353" /><testcase classname="tests.test_authentication.TestAuthentication" name="test_authenticated_user_benefits" time="14.063" /><testcase classname="tests.test_basic.TestBasic" name="test_server_connectivity" time="10.603" /><testcase classname="tests.test_basic.TestBasic" name="test_home_page_loads" time="11.576" /><testcase classname="tests.test_basic.TestBasic" name="test_navigation_basic" time="15.353" /><testcase classname="tests.test_navigation.TestNavigation" name="test_home_page_loads_successfully" time="8.395" /><testcase classname="tests.test_navigation.TestNavigation" name="test_navigate_to_all_categories" time="20.580" /><testcase classname="tests.test_navigation.TestNavigation" name="test_admin_link_accessibility" time="30.025" /><testcase classname="tests.test_navigation.TestNavigation" name="test_responsive_navigation" time="9.383" /><testcase classname="tests.test_navigation.TestNavigation" name="test_back_navigation" time="10.132" /><testcase classname="tests.test_navigation.TestNavigation" name="test_external_links_navigation" time="8.656" /><testcase classname="tests.test_shopping_cart.TestShoppingCart" name="test_add_product_to_cart" time="11.213" /><testcase classname="tests.test_shopping_cart.TestShoppingCart" name="test_add_multiple_products_to_cart" time="16.094" /><testcase classname="tests.test_shopping_cart.TestShoppingCart" name="test_open_and_close_cart" time="9.289" /><testcase classname="tests.test_shopping_cart.TestShoppingCart" name="test_cart_persistence_across_pages" time="17.017" /><testcase classname="tests.test_shopping_cart.TestShoppingCart" name="test_clear_cart_functionality" time="18.672" /><testcase classname="tests.test_shopping_cart.TestShoppingCart" name="test_cart_total_calculation" time="12.069" /><testcase classname="tests.test_shopping_cart.TestShoppingCart" name="test_cart_items_display" time="11.612" /><testcase classname="tests.test_shopping_cart.TestShoppingCart" name="test_checkout_navigation" time="14.019" /><testcase classname="tests.test_shopping_cart.TestShoppingCart" name="test_cart_with_no_products_available" time="9.420" /><testcase classname="tests.test_shopping_cart.TestShoppingCart" name="test_cart_localStorage_persistence" time="12.292" /></testsuite></testsuites>