<?xml version="1.0" encoding="utf-8"?><testsuites><testsuite name="pytest" errors="0" failures="0" skipped="0" tests="19" time="48.112" timestamp="2025-07-01T00:37:17.628933" hostname="Shauni"><testcase classname="tests.test_api_endpoints.TestAPIEndpoints" name="test_api_health_check" time="4.124" /><testcase classname="tests.test_api_endpoints.TestAPIEndpoints" name="test_api_documentation_available" time="6.145" /><testcase classname="tests.test_api_endpoints.TestProductosAPI" name="test_listar_productos" time="2.057" /><testcase classname="tests.test_api_endpoints.TestProductosAPI" name="test_crear_producto" time="2.036" /><testcase classname="tests.test_api_endpoints.TestProductosAPI" name="test_listar_categorias" time="2.037" /><testcase classname="tests.test_api_endpoints.TestProductosAPI" name="test_crear_categoria" time="2.055" /><testcase classname="tests.test_api_endpoints.TestProductosAPI" name="test_eliminar_producto_inexistente" time="2.052" /><testcase classname="tests.test_api_endpoints.TestProductosAPI" name="test_eliminar_categoria_inexistente" time="2.053" /><testcase classname="tests.test_api_endpoints.TestBancoCentralAPI" name="test_obtener_valor_dolar" time="3.152" /><testcase classname="tests.test_api_endpoints.TestBancoCentralAPI" name="test_valor_dolar_response_structure" time="3.170" /><testcase classname="tests.test_api_endpoints.TestMercadoPagoAPI" name="test_crear_pago_basic" time="2.046" /><testcase classname="tests.test_api_endpoints.TestMercadoPagoAPI" name="test_crear_pago_multiple_items" time="2.054" /><testcase classname="tests.test_api_endpoints.TestMercadoPagoAPI" name="test_crear_pago_validation" time="2.039" /><testcase classname="tests.test_api_endpoints.TestAPIPerformance" name="test_response_time_productos" time="2.035" /><testcase classname="tests.test_api_endpoints.TestAPIPerformance" name="test_response_time_categorias" time="2.048" /><testcase classname="tests.test_api_endpoints.TestAPIPerformance" name="test_concurrent_requests" time="2.066" /><testcase classname="tests.test_api_endpoints.TestAPIErrorHandling" name="test_404_endpoint_inexistente" time="2.050" /><testcase classname="tests.test_api_endpoints.TestAPIErrorHandling" name="test_405_method_not_allowed" time="2.037" /><testcase classname="tests.test_api_endpoints.TestAPIErrorHandling" name="test_malformed_json" time="2.053" /></testsuite></testsuites>